# JRE version: OpenJDK Runtime Environment (17.0.11) (build 17.0.11+0--11852314)
# Java VM: OpenJDK 64-Bit Server VM (17.0.11+0--11852314, mixed mode, tiered, compressed oops, compressed class ptrs, serial gc, windows-amd64)
GC Precious Log:
 CPUs: 4 total, 4 available
 Memory: 6082M
 Large Page Support: Disabled
 NUMA Support: Disabled
 Compressed Oops: Enabled (32-bit)
 Heap Min Capacity: 8M
 Heap Initial Capacity: 96M
 Heap Max Capacity: 1G
 Pre-touch: Disabled
Heap:
 def new generation   total 29568K, used 29567K [0x00000000c0000000, 0x00000000c2010000, 0x00000000d5550000)
  eden space 26304K, 100% used [0x00000000c0000000, 0x00000000c19b0000, 0x00000000c19b0000)
  from space 3264K,  99% used [0x00000000c1ce0000, 0x00000000c200fff8, 0x00000000c2010000)
  to   space 3264K,  28% used [0x00000000c19b0000, 0x00000000c1a9ab98, 0x00000000c1ce0000)
 tenured generation   total 65536K, used 31306K [0x00000000d5550000, 0x00000000d9550000, 0x0000000100000000)
   the space 65536K,  47% used [0x00000000d5550000, 0x00000000d73e2a88, 0x00000000d73e2c00, 0x00000000d9550000)
 Metaspace       used 34167K, committed 34560K, reserved 1114112K
  class space    used 4681K, committed 4864K, reserved 1048576K
GC Heap History (14 events):
Event: 1.903 GC heap before
{Heap before GC invocations=0 (full 0):
 def new generation   total 29504K, used 26240K [0x00000000c0000000, 0x00000000c2000000, 0x00000000d5550000)
  eden space 26240K, 100% used [0x00000000c0000000, 0x00000000c19a0000, 0x00000000c19a0000)
  from space 3264K,   0% used [0x00000000c19a0000, 0x00000000c19a0000, 0x00000000c1cd0000)
  to   space 3264K,   0% used [0x00000000c1cd0000, 0x00000000c1cd0000, 0x00000000c2000000)
 tenured generation   total 65536K, used 0K [0x00000000d5550000, 0x00000000d9550000, 0x0000000100000000)
   the space 65536K,   0% used [0x00000000d5550000, 0x00000000d5550000, 0x00000000d5550200, 0x00000000d9550000)
 Metaspace       used 10427K, committed 10560K, reserved 1114112K
  class space    used 1081K, committed 1152K, reserved 1048576K
}
Event: 1.920 GC heap after
{Heap after GC invocations=1 (full 0):
 def new generation   total 29504K, used 3263K [0x00000000c0000000, 0x00000000c2000000, 0x00000000d5550000)
  eden space 26240K,   0% used [0x00000000c0000000, 0x00000000c0000000, 0x00000000c19a0000)
  from space 3264K,  99% used [0x00000000c1cd0000, 0x00000000c1fffff8, 0x00000000c2000000)
  to   space 3264K,   0% used [0x00000000c19a0000, 0x00000000c19a0000, 0x00000000c1cd0000)
 tenured generation   total 65536K, used 5887K [0x00000000d5550000, 0x00000000d9550000, 0x0000000100000000)
   the space 65536K,   8% used [0x00000000d5550000, 0x00000000d5b0fd60, 0x00000000d5b0fe00, 0x00000000d9550000)
 Metaspace       used 10427K, committed 10560K, reserved 1114112K
  class space    used 1081K, committed 1152K, reserved 1048576K
}
Event: 2.791 GC heap before
{Heap before GC invocations=1 (full 0):
 def new generation   total 29504K, used 29503K [0x00000000c0000000, 0x00000000c2000000, 0x00000000d5550000)
  eden space 26240K, 100% used [0x00000000c0000000, 0x00000000c19a0000, 0x00000000c19a0000)
  from space 3264K,  99% used [0x00000000c1cd0000, 0x00000000c1fffff8, 0x00000000c2000000)
  to   space 3264K,   0% used [0x00000000c19a0000, 0x00000000c19a0000, 0x00000000c1cd0000)
 tenured generation   total 65536K, used 5887K [0x00000000d5550000, 0x00000000d9550000, 0x0000000100000000)
   the space 65536K,   8% used [0x00000000d5550000, 0x00000000d5b0fd60, 0x00000000d5b0fe00, 0x00000000d9550000)
 Metaspace       used 11480K, committed 11648K, reserved 1114112K
  class space    used 1197K, committed 1280K, reserved 1048576K
}
Event: 2.803 GC heap after
{Heap after GC invocations=2 (full 0):
 def new generation   total 29504K, used 731K [0x00000000c0000000, 0x00000000c2000000, 0x00000000d5550000)
  eden space 26240K,   0% used [0x00000000c0000000, 0x00000000c0000000, 0x00000000c19a0000)
  from space 3264K,  22% used [0x00000000c19a0000, 0x00000000c1a56ff0, 0x00000000c1cd0000)
  to   space 3264K,   0% used [0x00000000c1cd0000, 0x00000000c1cd0000, 0x00000000c2000000)
 tenured generation   total 65536K, used 9136K [0x00000000d5550000, 0x00000000d9550000, 0x0000000100000000)
   the space 65536K,  13% used [0x00000000d5550000, 0x00000000d5e3c1d0, 0x00000000d5e3c200, 0x00000000d9550000)
 Metaspace       used 11480K, committed 11648K, reserved 1114112K
  class space    used 1197K, committed 1280K, reserved 1048576K
}
Event: 4.128 GC heap before
{Heap before GC invocations=2 (full 0):
 def new generation   total 29504K, used 26971K [0x00000000c0000000, 0x00000000c2000000, 0x00000000d5550000)
  eden space 26240K, 100% used [0x00000000c0000000, 0x00000000c19a0000, 0x00000000c19a0000)
  from space 3264K,  22% used [0x00000000c19a0000, 0x00000000c1a56ff0, 0x00000000c1cd0000)
  to   space 3264K,   0% used [0x00000000c1cd0000, 0x00000000c1cd0000, 0x00000000c2000000)
 tenured generation   total 65536K, used 9136K [0x00000000d5550000, 0x00000000d9550000, 0x0000000100000000)
   the space 65536K,  13% used [0x00000000d5550000, 0x00000000d5e3c1d0, 0x00000000d5e3c200, 0x00000000d9550000)
 Metaspace       used 16314K, committed 16512K, reserved 1114112K
  class space    used 1861K, committed 1984K, reserved 1048576K
}
Event: 4.145 GC heap after
{Heap after GC invocations=3 (full 0):
 def new generation   total 29504K, used 3264K [0x00000000c0000000, 0x00000000c2000000, 0x00000000d5550000)
  eden space 26240K,   0% used [0x00000000c0000000, 0x00000000c0000000, 0x00000000c19a0000)
  from space 3264K, 100% used [0x00000000c1cd0000, 0x00000000c2000000, 0x00000000c2000000)
  to   space 3264K,   0% used [0x00000000c19a0000, 0x00000000c19a0000, 0x00000000c1cd0000)
 tenured generation   total 65536K, used 12219K [0x00000000d5550000, 0x00000000d9550000, 0x0000000100000000)
   the space 65536K,  18% used [0x00000000d5550000, 0x00000000d613ef40, 0x00000000d613f000, 0x00000000d9550000)
 Metaspace       used 16314K, committed 16512K, reserved 1114112K
  class space    used 1861K, committed 1984K, reserved 1048576K
}
Event: 5.009 GC heap before
{Heap before GC invocations=3 (full 0):
 def new generation   total 29504K, used 22857K [0x00000000c0000000, 0x00000000c2000000, 0x00000000d5550000)
  eden space 26240K,  74% used [0x00000000c0000000, 0x00000000c13224b8, 0x00000000c19a0000)
  from space 3264K, 100% used [0x00000000c1cd0000, 0x00000000c2000000, 0x00000000c2000000)
  to   space 3264K,   0% used [0x00000000c19a0000, 0x00000000c19a0000, 0x00000000c1cd0000)
 tenured generation   total 65536K, used 12219K [0x00000000d5550000, 0x00000000d9550000, 0x0000000100000000)
   the space 65536K,  18% used [0x00000000d5550000, 0x00000000d613ef40, 0x00000000d613f000, 0x00000000d9550000)
 Metaspace       used 21326K, committed 21504K, reserved 1114112K
  class space    used 2516K, committed 2560K, reserved 1048576K
}
Event: 5.053 GC heap after
{Heap after GC invocations=4 (full 1):
 def new generation   total 29568K, used 0K [0x00000000c0000000, 0x00000000c2010000, 0x00000000d5550000)
  eden space 26304K,   0% used [0x00000000c0000000, 0x00000000c0000000, 0x00000000c19b0000)
  from space 3264K,   0% used [0x00000000c19b0000, 0x00000000c19b0000, 0x00000000c1ce0000)
  to   space 3264K,   0% used [0x00000000c1ce0000, 0x00000000c1ce0000, 0x00000000c2010000)
 tenured generation   total 65536K, used 17211K [0x00000000d5550000, 0x00000000d9550000, 0x0000000100000000)
   the space 65536K,  26% used [0x00000000d5550000, 0x00000000d661ee90, 0x00000000d661f000, 0x00000000d9550000)
 Metaspace       used 21326K, committed 21504K, reserved 1114112K
  class space    used 2516K, committed 2560K, reserved 1048576K
}
Event: 6.105 GC heap before
{Heap before GC invocations=4 (full 1):
 def new generation   total 29568K, used 26304K [0x00000000c0000000, 0x00000000c2010000, 0x00000000d5550000)
  eden space 26304K, 100% used [0x00000000c0000000, 0x00000000c19b0000, 0x00000000c19b0000)
  from space 3264K,   0% used [0x00000000c19b0000, 0x00000000c19b0000, 0x00000000c1ce0000)
  to   space 3264K,   0% used [0x00000000c1ce0000, 0x00000000c1ce0000, 0x00000000c2010000)
 tenured generation   total 65536K, used 17211K [0x00000000d5550000, 0x00000000d9550000, 0x0000000100000000)
   the space 65536K,  26% used [0x00000000d5550000, 0x00000000d661ee90, 0x00000000d661f000, 0x00000000d9550000)
 Metaspace       used 25499K, committed 25792K, reserved 1114112K
  class space    used 3227K, committed 3392K, reserved 1048576K
}
Event: 6.114 GC heap after
{Heap after GC invocations=5 (full 1):
 def new generation   total 29568K, used 1336K [0x00000000c0000000, 0x00000000c2010000, 0x00000000d5550000)
  eden space 26304K,   0% used [0x00000000c0000000, 0x00000000c0000000, 0x00000000c19b0000)
  from space 3264K,  40% used [0x00000000c1ce0000, 0x00000000c1e2e3a8, 0x00000000c2010000)
  to   space 3264K,   0% used [0x00000000c19b0000, 0x00000000c19b0000, 0x00000000c1ce0000)
 tenured generation   total 65536K, used 17211K [0x00000000d5550000, 0x00000000d9550000, 0x0000000100000000)
   the space 65536K,  26% used [0x00000000d5550000, 0x00000000d661ee90, 0x00000000d661f000, 0x00000000d9550000)
 Metaspace       used 25499K, committed 25792K, reserved 1114112K
  class space    used 3227K, committed 3392K, reserved 1048576K
}
Event: 9.350 GC heap before
{Heap before GC invocations=5 (full 1):
 def new generation   total 29568K, used 27640K [0x00000000c0000000, 0x00000000c2010000, 0x00000000d5550000)
  eden space 26304K, 100% used [0x00000000c0000000, 0x00000000c19b0000, 0x00000000c19b0000)
  from space 3264K,  40% used [0x00000000c1ce0000, 0x00000000c1e2e3a8, 0x00000000c2010000)
  to   space 3264K,   0% used [0x00000000c19b0000, 0x00000000c19b0000, 0x00000000c1ce0000)
 tenured generation   total 65536K, used 17211K [0x00000000d5550000, 0x00000000d9550000, 0x0000000100000000)
   the space 65536K,  26% used [0x00000000d5550000, 0x00000000d661ee90, 0x00000000d661f000, 0x00000000d9550000)
 Metaspace       used 28962K, committed 29248K, reserved 1114112K
  class space    used 3832K, committed 3968K, reserved 1048576K
}
Event: 9.367 GC heap after
{Heap after GC invocations=6 (full 1):
 def new generation   total 29568K, used 2982K [0x00000000c0000000, 0x00000000c2010000, 0x00000000d5550000)
  eden space 26304K,   0% used [0x00000000c0000000, 0x00000000c0000000, 0x00000000c19b0000)
  from space 3264K,  91% used [0x00000000c19b0000, 0x00000000c1c99aa0, 0x00000000c1ce0000)
  to   space 3264K,   0% used [0x00000000c1ce0000, 0x00000000c1ce0000, 0x00000000c2010000)
 tenured generation   total 65536K, used 17211K [0x00000000d5550000, 0x00000000d9550000, 0x0000000100000000)
   the space 65536K,  26% used [0x00000000d5550000, 0x00000000d661ee90, 0x00000000d661f000, 0x00000000d9550000)
 Metaspace       used 28962K, committed 29248K, reserved 1114112K
  class space    used 3832K, committed 3968K, reserved 1048576K
}
Event: 10.114 GC heap before
{Heap before GC invocations=6 (full 1):
 def new generation   total 29568K, used 29286K [0x00000000c0000000, 0x00000000c2010000, 0x00000000d5550000)
  eden space 26304K, 100% used [0x00000000c0000000, 0x00000000c19b0000, 0x00000000c19b0000)
  from space 3264K,  91% used [0x00000000c19b0000, 0x00000000c1c99aa0, 0x00000000c1ce0000)
  to   space 3264K,   0% used [0x00000000c1ce0000, 0x00000000c1ce0000, 0x00000000c2010000)
 tenured generation   total 65536K, used 17211K [0x00000000d5550000, 0x00000000d9550000, 0x0000000100000000)
   the space 65536K,  26% used [0x00000000d5550000, 0x00000000d661ee90, 0x00000000d661f000, 0x00000000d9550000)
 Metaspace       used 30738K, committed 31104K, reserved 1114112K
  class space    used 4141K, committed 4288K, reserved 1048576K
}
Event: 10.139 GC heap after
{Heap after GC invocations=7 (full 1):
 def new generation   total 29568K, used 3263K [0x00000000c0000000, 0x00000000c2010000, 0x00000000d5550000)
  eden space 26304K,   0% used [0x00000000c0000000, 0x00000000c0000000, 0x00000000c19b0000)
  from space 3264K,  99% used [0x00000000c1ce0000, 0x00000000c200fff8, 0x00000000c2010000)
  to   space 3264K,   0% used [0x00000000c19b0000, 0x00000000c19b0000, 0x00000000c1ce0000)
 tenured generation   total 65536K, used 31209K [0x00000000d5550000, 0x00000000d9550000, 0x0000000100000000)
   the space 65536K,  47% used [0x00000000d5550000, 0x00000000d73ca400, 0x00000000d73ca400, 0x00000000d9550000)
 Metaspace       used 30738K, committed 31104K, reserved 1114112K
  class space    used 4141K, committed 4288K, reserved 1048576K
}

