# JRE version: OpenJDK Runtime Environment (17.0.11) (build 17.0.11+0--11852314)
# Java VM: OpenJDK 64-Bit Server VM (17.0.11+0--11852314, mixed mode, tiered, compressed oops, compressed class ptrs, g1 gc, windows-amd64)
GC Precious Log:
 CPUs: 4 total, 4 available
 Memory: 6082M
 Large Page Support: Disabled
 NUMA Support: Disabled
 Compressed Oops: Enabled (32-bit)
 Heap Region Size: 1M
 Heap Min Capacity: 8M
 Heap Initial Capacity: 96M
 Heap Max Capacity: 1522M
 Pre-touch: Disabled
 Parallel Workers: 4
 Concurrent Workers: 1
 Concurrent Refinement Workers: 4
 Periodic GC: Disabled
Heap:
 garbage-first heap   total 133120K, used 82477K [0x00000000a0e00000, 0x0000000100000000)
  region size 1024K, 16 young (16384K), 3 survivors (3072K)
 Metaspace       used 63014K, committed 63296K, reserved 1114112K
  class space    used 7330K, committed 7424K, reserved 1048576K
GC Heap History (20 events):
Event: 17.266 GC heap before
{Heap before GC invocations=13 (full 0):
 garbage-first heap   total 81920K, used 59392K [0x00000000a0e00000, 0x0000000100000000)
  region size 1024K, 29 young (29696K), 6 survivors (6144K)
 Metaspace       used 49075K, committed 49344K, reserved 1114112K
  class space    used 5813K, committed 5952K, reserved 1048576K
}
Event: 17.300 GC heap after
{Heap after GC invocations=14 (full 0):
 garbage-first heap   total 81920K, used 40960K [0x00000000a0e00000, 0x0000000100000000)
  region size 1024K, 4 young (4096K), 4 survivors (4096K)
 Metaspace       used 49075K, committed 49344K, reserved 1114112K
  class space    used 5813K, committed 5952K, reserved 1048576K
}
Event: 18.580 GC heap before
{Heap before GC invocations=14 (full 0):
 garbage-first heap   total 81920K, used 60416K [0x00000000a0e00000, 0x0000000100000000)
  region size 1024K, 23 young (23552K), 4 survivors (4096K)
 Metaspace       used 52884K, committed 53184K, reserved 1114112K
  class space    used 6326K, committed 6464K, reserved 1048576K
}
Event: 18.601 GC heap after
{Heap after GC invocations=15 (full 0):
 garbage-first heap   total 81920K, used 44371K [0x00000000a0e00000, 0x0000000100000000)
  region size 1024K, 3 young (3072K), 3 survivors (3072K)
 Metaspace       used 52884K, committed 53184K, reserved 1114112K
  class space    used 6326K, committed 6464K, reserved 1048576K
}
Event: 19.379 GC heap before
{Heap before GC invocations=15 (full 0):
 garbage-first heap   total 81920K, used 61779K [0x00000000a0e00000, 0x0000000100000000)
  region size 1024K, 20 young (20480K), 3 survivors (3072K)
 Metaspace       used 54851K, committed 55168K, reserved 1114112K
  class space    used 6582K, committed 6720K, reserved 1048576K
}
Event: 19.400 GC heap after
{Heap after GC invocations=16 (full 0):
 garbage-first heap   total 81920K, used 47104K [0x00000000a0e00000, 0x0000000100000000)
  region size 1024K, 3 young (3072K), 3 survivors (3072K)
 Metaspace       used 54851K, committed 55168K, reserved 1114112K
  class space    used 6582K, committed 6720K, reserved 1048576K
}
Event: 20.918 GC heap before
{Heap before GC invocations=17 (full 0):
 garbage-first heap   total 83968K, used 63488K [0x00000000a0e00000, 0x0000000100000000)
  region size 1024K, 19 young (19456K), 3 survivors (3072K)
 Metaspace       used 56383K, committed 56704K, reserved 1114112K
  class space    used 6763K, committed 6912K, reserved 1048576K
}
Event: 20.941 GC heap after
{Heap after GC invocations=18 (full 0):
 garbage-first heap   total 83968K, used 50176K [0x00000000a0e00000, 0x0000000100000000)
  region size 1024K, 3 young (3072K), 3 survivors (3072K)
 Metaspace       used 56383K, committed 56704K, reserved 1114112K
  class space    used 6763K, committed 6912K, reserved 1048576K
}
Event: 21.717 GC heap before
{Heap before GC invocations=18 (full 0):
 garbage-first heap   total 83968K, used 65536K [0x00000000a0e00000, 0x0000000100000000)
  region size 1024K, 18 young (18432K), 3 survivors (3072K)
 Metaspace       used 58005K, committed 58240K, reserved 1114112K
  class space    used 6947K, committed 7040K, reserved 1048576K
}
Event: 21.739 GC heap after
{Heap after GC invocations=19 (full 0):
 garbage-first heap   total 101376K, used 52821K [0x00000000a0e00000, 0x0000000100000000)
  region size 1024K, 3 young (3072K), 3 survivors (3072K)
 Metaspace       used 58005K, committed 58240K, reserved 1114112K
  class space    used 6947K, committed 7040K, reserved 1048576K
}
Event: 23.231 GC heap before
{Heap before GC invocations=20 (full 0):
 garbage-first heap   total 101376K, used 77397K [0x00000000a0e00000, 0x0000000100000000)
  region size 1024K, 28 young (28672K), 3 survivors (3072K)
 Metaspace       used 58969K, committed 59200K, reserved 1114112K
  class space    used 6985K, committed 7104K, reserved 1048576K
}
Event: 23.261 GC heap after
{Heap after GC invocations=21 (full 0):
 garbage-first heap   total 101376K, used 58368K [0x00000000a0e00000, 0x0000000100000000)
  region size 1024K, 4 young (4096K), 4 survivors (4096K)
 Metaspace       used 58969K, committed 59200K, reserved 1114112K
  class space    used 6985K, committed 7104K, reserved 1048576K
}
Event: 23.767 GC heap before
{Heap before GC invocations=21 (full 0):
 garbage-first heap   total 101376K, used 79872K [0x00000000a0e00000, 0x0000000100000000)
  region size 1024K, 25 young (25600K), 4 survivors (4096K)
 Metaspace       used 59293K, committed 59584K, reserved 1114112K
  class space    used 6988K, committed 7104K, reserved 1048576K
}
Event: 23.802 GC heap after
{Heap after GC invocations=22 (full 0):
 garbage-first heap   total 101376K, used 63843K [0x00000000a0e00000, 0x0000000100000000)
  region size 1024K, 4 young (4096K), 4 survivors (4096K)
 Metaspace       used 59293K, committed 59584K, reserved 1114112K
  class space    used 6988K, committed 7104K, reserved 1048576K
}
Event: 24.780 GC heap before
{Heap before GC invocations=23 (full 0):
 garbage-first heap   total 109568K, used 77155K [0x00000000a0e00000, 0x0000000100000000)
  region size 1024K, 19 young (19456K), 4 survivors (4096K)
 Metaspace       used 62232K, committed 62464K, reserved 1114112K
  class space    used 7275K, committed 7360K, reserved 1048576K
}
Event: 24.802 GC heap after
{Heap after GC invocations=24 (full 0):
 garbage-first heap   total 109568K, used 65449K [0x00000000a0e00000, 0x0000000100000000)
  region size 1024K, 2 young (2048K), 2 survivors (2048K)
 Metaspace       used 62232K, committed 62464K, reserved 1114112K
  class space    used 7275K, committed 7360K, reserved 1048576K
}
Event: 25.155 GC heap before
{Heap before GC invocations=24 (full 0):
 garbage-first heap   total 109568K, used 68521K [0x00000000a0e00000, 0x0000000100000000)
  region size 1024K, 5 young (5120K), 2 survivors (2048K)
 Metaspace       used 62524K, committed 62848K, reserved 1114112K
  class space    used 7292K, committed 7424K, reserved 1048576K
}
Event: 25.174 GC heap after
{Heap after GC invocations=25 (full 0):
 garbage-first heap   total 109568K, used 65400K [0x00000000a0e00000, 0x0000000100000000)
  region size 1024K, 1 young (1024K), 1 survivors (1024K)
 Metaspace       used 62524K, committed 62848K, reserved 1114112K
  class space    used 7292K, committed 7424K, reserved 1048576K
}
Event: 25.824 GC heap before
{Heap before GC invocations=25 (full 0):
 garbage-first heap   total 109568K, used 85880K [0x00000000a0e00000, 0x0000000100000000)
  region size 1024K, 21 young (21504K), 1 survivors (1024K)
 Metaspace       used 62974K, committed 63232K, reserved 1114112K
  class space    used 7329K, committed 7424K, reserved 1048576K
}
Event: 25.848 GC heap after
{Heap after GC invocations=26 (full 0):
 garbage-first heap   total 109568K, used 70189K [0x00000000a0e00000, 0x0000000100000000)
  region size 1024K, 3 young (3072K), 3 survivors (3072K)
 Metaspace       used 62974K, committed 63232K, reserved 1114112K
  class space    used 7329K, committed 7424K, reserved 1048576K
}

