# JRE version: OpenJDK Runtime Environment (17.0.11) (build 17.0.11+0--11852314)
# Java VM: OpenJDK 64-Bit Server VM (17.0.11+0--11852314, mixed mode, tiered, compressed oops, compressed class ptrs, g1 gc, windows-amd64)
GC Precious Log:
 CPUs: 4 total, 4 available
 Memory: 6082M
 Large Page Support: Disabled
 NUMA Support: Disabled
 Compressed Oops: Enabled (32-bit)
 Heap Region Size: 1M
 Heap Min Capacity: 8M
 Heap Initial Capacity: 96M
 Heap Max Capacity: 1522M
 Pre-touch: Disabled
 Parallel Workers: 4
 Concurrent Workers: 1
 Concurrent Refinement Workers: 4
 Periodic GC: Disabled
Heap:
 garbage-first heap   total 112640K, used 71350K [0x00000000a0e00000, 0x0000000100000000)
  region size 1024K, 3 young (3072K), 3 survivors (3072K)
 Metaspace       used 62835K, committed 63104K, reserved 1114112K
  class space    used 7329K, committed 7424K, reserved 1048576K
GC Heap History (20 events):
Event: 5.361 GC heap after
{Heap after GC invocations=13 (full 0):
 garbage-first heap   total 61440K, used 35894K [0x00000000a0e00000, 0x0000000100000000)
  region size 1024K, 2 young (2048K), 2 survivors (2048K)
 Metaspace       used 45443K, committed 45696K, reserved 1114112K
  class space    used 5396K, committed 5504K, reserved 1048576K
}
Event: 5.862 GC heap before
{Heap before GC invocations=14 (full 0):
 garbage-first heap   total 63488K, used 46134K [0x00000000a0e00000, 0x0000000100000000)
  region size 1024K, 12 young (12288K), 2 survivors (2048K)
 Metaspace       used 47803K, committed 48064K, reserved 1114112K
  class space    used 5705K, committed 5824K, reserved 1048576K
}
Event: 5.874 GC heap after
{Heap after GC invocations=15 (full 0):
 garbage-first heap   total 63488K, used 38064K [0x00000000a0e00000, 0x0000000100000000)
  region size 1024K, 2 young (2048K), 2 survivors (2048K)
 Metaspace       used 47803K, committed 48064K, reserved 1114112K
  class space    used 5705K, committed 5824K, reserved 1048576K
}
Event: 6.018 GC heap before
{Heap before GC invocations=15 (full 0):
 garbage-first heap   total 63488K, used 48304K [0x00000000a0e00000, 0x0000000100000000)
  region size 1024K, 12 young (12288K), 2 survivors (2048K)
 Metaspace       used 48372K, committed 48576K, reserved 1114112K
  class space    used 5775K, committed 5888K, reserved 1048576K
}
Event: 6.028 GC heap after
{Heap after GC invocations=16 (full 0):
 garbage-first heap   total 63488K, used 40795K [0x00000000a0e00000, 0x0000000100000000)
  region size 1024K, 2 young (2048K), 2 survivors (2048K)
 Metaspace       used 48372K, committed 48576K, reserved 1114112K
  class space    used 5775K, committed 5888K, reserved 1048576K
}
Event: 6.391 GC heap before
{Heap before GC invocations=17 (full 0):
 garbage-first heap   total 73728K, used 46939K [0x00000000a0e00000, 0x0000000100000000)
  region size 1024K, 9 young (9216K), 2 survivors (2048K)
 Metaspace       used 50426K, committed 50688K, reserved 1114112K
  class space    used 6079K, committed 6208K, reserved 1048576K
}
Event: 6.397 GC heap after
{Heap after GC invocations=18 (full 0):
 garbage-first heap   total 73728K, used 41737K [0x00000000a0e00000, 0x0000000100000000)
  region size 1024K, 1 young (1024K), 1 survivors (1024K)
 Metaspace       used 50426K, committed 50688K, reserved 1114112K
  class space    used 6079K, committed 6208K, reserved 1048576K
}
Event: 6.879 GC heap before
{Heap before GC invocations=18 (full 0):
 garbage-first heap   total 73728K, used 54025K [0x00000000a0e00000, 0x0000000100000000)
  region size 1024K, 14 young (14336K), 1 survivors (1024K)
 Metaspace       used 52498K, committed 52736K, reserved 1114112K
  class space    used 6316K, committed 6400K, reserved 1048576K
}
Event: 6.890 GC heap after
{Heap after GC invocations=19 (full 0):
 garbage-first heap   total 112640K, used 43899K [0x00000000a0e00000, 0x0000000100000000)
  region size 1024K, 2 young (2048K), 2 survivors (2048K)
 Metaspace       used 52498K, committed 52736K, reserved 1114112K
  class space    used 6316K, committed 6400K, reserved 1048576K
}
Event: 8.560 GC heap before
{Heap before GC invocations=20 (full 0):
 garbage-first heap   total 112640K, used 78715K [0x00000000a0e00000, 0x0000000100000000)
  region size 1024K, 36 young (36864K), 2 survivors (2048K)
 Metaspace       used 56202K, committed 56512K, reserved 1114112K
  class space    used 6766K, committed 6912K, reserved 1048576K
}
Event: 8.592 GC heap after
{Heap after GC invocations=21 (full 0):
 garbage-first heap   total 112640K, used 49925K [0x00000000a0e00000, 0x0000000100000000)
  region size 1024K, 5 young (5120K), 5 survivors (5120K)
 Metaspace       used 56202K, committed 56512K, reserved 1114112K
  class space    used 6766K, committed 6912K, reserved 1048576K
}
Event: 9.917 GC heap before
{Heap before GC invocations=21 (full 0):
 garbage-first heap   total 112640K, used 81669K [0x00000000a0e00000, 0x0000000100000000)
  region size 1024K, 36 young (36864K), 5 survivors (5120K)
 Metaspace       used 58396K, committed 58624K, reserved 1114112K
  class space    used 6975K, committed 7104K, reserved 1048576K
}
Event: 9.955 GC heap after
{Heap after GC invocations=22 (full 0):
 garbage-first heap   total 112640K, used 56501K [0x00000000a0e00000, 0x0000000100000000)
  region size 1024K, 5 young (5120K), 5 survivors (5120K)
 Metaspace       used 58396K, committed 58624K, reserved 1114112K
  class space    used 6975K, committed 7104K, reserved 1048576K
}
Event: 10.760 GC heap before
{Heap before GC invocations=22 (full 0):
 garbage-first heap   total 112640K, used 84149K [0x00000000a0e00000, 0x0000000100000000)
  region size 1024K, 32 young (32768K), 5 survivors (5120K)
 Metaspace       used 59079K, committed 59392K, reserved 1114112K
  class space    used 6988K, committed 7104K, reserved 1048576K
}
Event: 10.803 GC heap after
{Heap after GC invocations=23 (full 0):
 garbage-first heap   total 112640K, used 62729K [0x00000000a0e00000, 0x0000000100000000)
  region size 1024K, 4 young (4096K), 4 survivors (4096K)
 Metaspace       used 59079K, committed 59392K, reserved 1114112K
  class space    used 6988K, committed 7104K, reserved 1048576K
}
Event: 12.246 GC heap before
{Heap before GC invocations=24 (full 0):
 garbage-first heap   total 112640K, used 84233K [0x00000000a0e00000, 0x0000000100000000)
  region size 1024K, 27 young (27648K), 4 survivors (4096K)
 Metaspace       used 62618K, committed 62912K, reserved 1114112K
  class space    used 7324K, committed 7424K, reserved 1048576K
}
Event: 12.274 GC heap after
{Heap after GC invocations=25 (full 0):
 garbage-first heap   total 112640K, used 65718K [0x00000000a0e00000, 0x0000000100000000)
  region size 1024K, 4 young (4096K), 4 survivors (4096K)
 Metaspace       used 62618K, committed 62912K, reserved 1114112K
  class space    used 7324K, committed 7424K, reserved 1048576K
}
Event: 12.326 GC heap before
{Heap before GC invocations=25 (full 0):
 garbage-first heap   total 112640K, used 66742K [0x00000000a0e00000, 0x0000000100000000)
  region size 1024K, 5 young (5120K), 4 survivors (4096K)
 Metaspace       used 62664K, committed 62912K, reserved 1114112K
  class space    used 7327K, committed 7424K, reserved 1048576K
}
Event: 12.355 GC heap after
{Heap after GC invocations=26 (full 0):
 garbage-first heap   total 112640K, used 66095K [0x00000000a0e00000, 0x0000000100000000)
  region size 1024K, 1 young (1024K), 1 survivors (1024K)
 Metaspace       used 62664K, committed 62912K, reserved 1114112K
  class space    used 7327K, committed 7424K, reserved 1048576K
}
Event: 12.868 GC heap before
{Heap before GC invocations=26 (full 0):
 garbage-first heap   total 112640K, used 88623K [0x00000000a0e00000, 0x0000000100000000)
  region size 1024K, 23 young (23552K), 1 survivors (1024K)
 Metaspace       used 62835K, committed 63104K, reserved 1114112K
  class space    used 7329K, committed 7424K, reserved 1048576K
}

