# JRE version: OpenJDK Runtime Environment (17.0.11) (build 17.0.11+0--11852314)
# Java VM: OpenJDK 64-Bit Server VM (17.0.11+0--11852314, mixed mode, tiered, compressed oops, compressed class ptrs, g1 gc, windows-amd64)
GC Precious Log:
 CPUs: 4 total, 4 available
 Memory: 6082M
 Large Page Support: Disabled
 NUMA Support: Disabled
 Compressed Oops: Enabled (32-bit)
 Heap Region Size: 1M
 Heap Min Capacity: 8M
 Heap Initial Capacity: 96M
 Heap Max Capacity: 1522M
 Pre-touch: Disabled
 Parallel Workers: 4
 Concurrent Workers: 1
 Concurrent Refinement Workers: 4
 Periodic GC: Disabled
Heap:
 garbage-first heap   total 69632K, used 38314K [0x00000000a0e00000, 0x0000000100000000)
  region size 1024K, 2 young (2048K), 2 survivors (2048K)
 Metaspace       used 47907K, committed 48128K, reserved 1114112K
  class space    used 5704K, committed 5760K, reserved 1048576K
GC Heap History (20 events):
Event: 2.117 GC heap after
{Heap after GC invocations=2 (full 0):
 garbage-first heap   total 98304K, used 6128K [0x00000000a0e00000, 0x0000000100000000)
  region size 1024K, 1 young (1024K), 1 survivors (1024K)
 Metaspace       used 16168K, committed 16320K, reserved 1114112K
  class space    used 1611K, committed 1664K, reserved 1048576K
}
Event: 3.527 GC heap before
{Heap before GC invocations=2 (full 0):
 garbage-first heap   total 98304K, used 32752K [0x00000000a0e00000, 0x0000000100000000)
  region size 1024K, 28 young (28672K), 1 survivors (1024K)
 Metaspace       used 21325K, committed 21504K, reserved 1114112K
  class space    used 2276K, committed 2368K, reserved 1048576K
}
Event: 3.551 GC heap after
{Heap after GC invocations=3 (full 0):
 garbage-first heap   total 98304K, used 13029K [0x00000000a0e00000, 0x0000000100000000)
  region size 1024K, 8 young (8192K), 8 survivors (8192K)
 Metaspace       used 21325K, committed 21504K, reserved 1114112K
  class space    used 2276K, committed 2368K, reserved 1048576K
}
Event: 4.603 GC heap before
{Heap before GC invocations=4 (full 0):
 garbage-first heap   total 48128K, used 33509K [0x00000000a0e00000, 0x0000000100000000)
  region size 1024K, 28 young (28672K), 8 survivors (8192K)
 Metaspace       used 27576K, committed 27840K, reserved 1114112K
  class space    used 3472K, committed 3584K, reserved 1048576K
}
Event: 4.624 GC heap after
{Heap after GC invocations=5 (full 0):
 garbage-first heap   total 48128K, used 14449K [0x00000000a0e00000, 0x0000000100000000)
  region size 1024K, 2 young (2048K), 2 survivors (2048K)
 Metaspace       used 27576K, committed 27840K, reserved 1114112K
  class space    used 3472K, committed 3584K, reserved 1048576K
}
Event: 4.658 GC heap before
{Heap before GC invocations=5 (full 0):
 garbage-first heap   total 48128K, used 15473K [0x00000000a0e00000, 0x0000000100000000)
  region size 1024K, 3 young (3072K), 2 survivors (2048K)
 Metaspace       used 27887K, committed 28096K, reserved 1114112K
  class space    used 3548K, committed 3648K, reserved 1048576K
}
Event: 4.662 GC heap after
{Heap after GC invocations=6 (full 0):
 garbage-first heap   total 48128K, used 14774K [0x00000000a0e00000, 0x0000000100000000)
  region size 1024K, 1 young (1024K), 1 survivors (1024K)
 Metaspace       used 27887K, committed 28096K, reserved 1114112K
  class space    used 3548K, committed 3648K, reserved 1048576K
}
Event: 5.458 GC heap before
{Heap before GC invocations=6 (full 0):
 garbage-first heap   total 48128K, used 33206K [0x00000000a0e00000, 0x0000000100000000)
  region size 1024K, 19 young (19456K), 1 survivors (1024K)
 Metaspace       used 31650K, committed 31872K, reserved 1114112K
  class space    used 3952K, committed 4032K, reserved 1048576K
}
Event: 5.467 GC heap after
{Heap after GC invocations=7 (full 0):
 garbage-first heap   total 65536K, used 16132K [0x00000000a0e00000, 0x0000000100000000)
  region size 1024K, 2 young (2048K), 2 survivors (2048K)
 Metaspace       used 31650K, committed 31872K, reserved 1114112K
  class space    used 3952K, committed 4032K, reserved 1048576K
}
Event: 5.932 GC heap before
{Heap before GC invocations=7 (full 0):
 garbage-first heap   total 65536K, used 30468K [0x00000000a0e00000, 0x0000000100000000)
  region size 1024K, 18 young (18432K), 2 survivors (2048K)
 Metaspace       used 35813K, committed 35968K, reserved 1114112K
  class space    used 4364K, committed 4416K, reserved 1048576K
}
Event: 5.940 GC heap after
{Heap after GC invocations=8 (full 0):
 garbage-first heap   total 65536K, used 16667K [0x00000000a0e00000, 0x0000000100000000)
  region size 1024K, 3 young (3072K), 3 survivors (3072K)
 Metaspace       used 35813K, committed 35968K, reserved 1114112K
  class space    used 4364K, committed 4416K, reserved 1048576K
}
Event: 7.409 GC heap before
{Heap before GC invocations=9 (full 0):
 garbage-first heap   total 65536K, used 48411K [0x00000000a0e00000, 0x0000000100000000)
  region size 1024K, 34 young (34816K), 3 survivors (3072K)
 Metaspace       used 42712K, committed 42880K, reserved 1114112K
  class space    used 5121K, committed 5184K, reserved 1048576K
}
Event: 7.425 GC heap after
{Heap after GC invocations=10 (full 0):
 garbage-first heap   total 65536K, used 19548K [0x00000000a0e00000, 0x0000000100000000)
  region size 1024K, 5 young (5120K), 5 survivors (5120K)
 Metaspace       used 42712K, committed 42880K, reserved 1114112K
  class space    used 5121K, committed 5184K, reserved 1048576K
}
Event: 7.481 GC heap before
{Heap before GC invocations=10 (full 0):
 garbage-first heap   total 65536K, used 19548K [0x00000000a0e00000, 0x0000000100000000)
  region size 1024K, 6 young (6144K), 5 survivors (5120K)
 Metaspace       used 42887K, committed 43136K, reserved 1114112K
  class space    used 5137K, committed 5248K, reserved 1048576K
}
Event: 7.497 GC heap after
{Heap after GC invocations=11 (full 0):
 garbage-first heap   total 65536K, used 19836K [0x00000000a0e00000, 0x0000000100000000)
  region size 1024K, 1 young (1024K), 1 survivors (1024K)
 Metaspace       used 42887K, committed 43136K, reserved 1114112K
  class space    used 5137K, committed 5248K, reserved 1048576K
}
Event: 8.473 GC heap before
{Heap before GC invocations=11 (full 0):
 garbage-first heap   total 65536K, used 49532K [0x00000000a0e00000, 0x0000000100000000)
  region size 1024K, 29 young (29696K), 1 survivors (1024K)
 Metaspace       used 44657K, committed 44928K, reserved 1114112K
  class space    used 5277K, committed 5376K, reserved 1048576K
}
Event: 8.504 GC heap after
{Heap after GC invocations=12 (full 0):
 garbage-first heap   total 65536K, used 28031K [0x00000000a0e00000, 0x0000000100000000)
  region size 1024K, 4 young (4096K), 4 survivors (4096K)
 Metaspace       used 44657K, committed 44928K, reserved 1114112K
  class space    used 5277K, committed 5376K, reserved 1048576K
}
Event: 8.837 GC heap before
{Heap before GC invocations=13 (full 0):
 garbage-first heap   total 65536K, used 47487K [0x00000000a0e00000, 0x0000000100000000)
  region size 1024K, 23 young (23552K), 4 survivors (4096K)
 Metaspace       used 44731K, committed 44928K, reserved 1114112K
  class space    used 5283K, committed 5376K, reserved 1048576K
}
Event: 8.867 GC heap after
{Heap after GC invocations=14 (full 0):
 garbage-first heap   total 65536K, used 35551K [0x00000000a0e00000, 0x0000000100000000)
  region size 1024K, 3 young (3072K), 3 survivors (3072K)
 Metaspace       used 44731K, committed 44928K, reserved 1114112K
  class space    used 5283K, committed 5376K, reserved 1048576K
}
Event: 9.321 GC heap before
{Heap before GC invocations=14 (full 0):
 garbage-first heap   total 65536K, used 46815K [0x00000000a0e00000, 0x0000000100000000)
  region size 1024K, 15 young (15360K), 3 survivors (3072K)
 Metaspace       used 47907K, committed 48128K, reserved 1114112K
  class space    used 5704K, committed 5760K, reserved 1048576K
}

