# JRE version: OpenJDK Runtime Environment (17.0.11) (build 17.0.11+0--11852314)
# Java VM: OpenJDK 64-Bit Server VM (17.0.11+0--11852314, mixed mode, tiered, compressed oops, compressed class ptrs, serial gc, windows-amd64)
GC Precious Log:
 CPUs: 4 total, 4 available
 Memory: 6082M
 Large Page Support: Disabled
 NUMA Support: Disabled
 Compressed Oops: Enabled (32-bit)
 Heap Min Capacity: 8M
 Heap Initial Capacity: 96M
 Heap Max Capacity: 1G
 Pre-touch: Disabled
Heap:
 def new generation   total 53696K, used 20484K [0x00000000c0000000, 0x00000000c3a40000, 0x00000000d5550000)
  eden space 47744K,  34% used [0x00000000c0000000, 0x00000000c0ff3938, 0x00000000c2ea0000)
  from space 5952K,  69% used [0x00000000c3470000, 0x00000000c387da10, 0x00000000c3a40000)
  to   space 5952K,   0% used [0x00000000c2ea0000, 0x00000000c2ea0000, 0x00000000c3470000)
 tenured generation   total 118960K, used 71375K [0x00000000d5550000, 0x00000000dc97c000, 0x0000000100000000)
   the space 118960K,  59% used [0x00000000d5550000, 0x00000000d9b03cf0, 0x00000000d9b03e00, 0x00000000dc97c000)
 Metaspace       used 65261K, committed 65920K, reserved 1114112K
  class space    used 8721K, committed 9024K, reserved 1048576K
GC Heap History (20 events):
Event: 11.617 GC heap before
{Heap before GC invocations=11 (full 2):
 def new generation   total 29632K, used 28605K [0x00000000c0000000, 0x00000000c2020000, 0x00000000d5550000)
  eden space 26368K, 100% used [0x00000000c0000000, 0x00000000c19c0000, 0x00000000c19c0000)
  from space 3264K,  68% used [0x00000000c19c0000, 0x00000000c1bef440, 0x00000000c1cf0000)
  to   space 3264K,   0% used [0x00000000c1cf0000, 0x00000000c1cf0000, 0x00000000c2020000)
 tenured generation   total 65536K, used 38407K [0x00000000d5550000, 0x00000000d9550000, 0x0000000100000000)
   the space 65536K,  58% used [0x00000000d5550000, 0x00000000d7ad1dc0, 0x00000000d7ad1e00, 0x00000000d9550000)
 Metaspace       used 46244K, committed 46592K, reserved 1114112K
  class space    used 6112K, committed 6272K, reserved 1048576K
}
Event: 11.633 GC heap after
{Heap after GC invocations=12 (full 2):
 def new generation   total 29632K, used 2069K [0x00000000c0000000, 0x00000000c2020000, 0x00000000d5550000)
  eden space 26368K,   0% used [0x00000000c0000000, 0x00000000c0000000, 0x00000000c19c0000)
  from space 3264K,  63% used [0x00000000c1cf0000, 0x00000000c1ef5458, 0x00000000c2020000)
  to   space 3264K,   0% used [0x00000000c19c0000, 0x00000000c19c0000, 0x00000000c1cf0000)
 tenured generation   total 65536K, used 40162K [0x00000000d5550000, 0x00000000d9550000, 0x0000000100000000)
   the space 65536K,  61% used [0x00000000d5550000, 0x00000000d7c889e0, 0x00000000d7c88a00, 0x00000000d9550000)
 Metaspace       used 46244K, committed 46592K, reserved 1114112K
  class space    used 6112K, committed 6272K, reserved 1048576K
}
Event: 12.148 GC heap before
{Heap before GC invocations=12 (full 2):
 def new generation   total 29632K, used 26649K [0x00000000c0000000, 0x00000000c2020000, 0x00000000d5550000)
  eden space 26368K,  93% used [0x00000000c0000000, 0x00000000c1801090, 0x00000000c19c0000)
  from space 3264K,  63% used [0x00000000c1cf0000, 0x00000000c1ef5458, 0x00000000c2020000)
  to   space 3264K,   0% used [0x00000000c19c0000, 0x00000000c19c0000, 0x00000000c1cf0000)
 tenured generation   total 65536K, used 40162K [0x00000000d5550000, 0x00000000d9550000, 0x0000000100000000)
   the space 65536K,  61% used [0x00000000d5550000, 0x00000000d7c889e0, 0x00000000d7c88a00, 0x00000000d9550000)
 Metaspace       used 48368K, committed 48832K, reserved 1114112K
  class space    used 6437K, committed 6656K, reserved 1048576K
}
Event: 12.164 GC heap after
{Heap after GC invocations=13 (full 2):
 def new generation   total 29632K, used 2602K [0x00000000c0000000, 0x00000000c2020000, 0x00000000d5550000)
  eden space 26368K,   0% used [0x00000000c0000000, 0x00000000c0000000, 0x00000000c19c0000)
  from space 3264K,  79% used [0x00000000c19c0000, 0x00000000c1c4a9a0, 0x00000000c1cf0000)
  to   space 3264K,   0% used [0x00000000c1cf0000, 0x00000000c1cf0000, 0x00000000c2020000)
 tenured generation   total 65536K, used 42216K [0x00000000d5550000, 0x00000000d9550000, 0x0000000100000000)
   the space 65536K,  64% used [0x00000000d5550000, 0x00000000d7e8a280, 0x00000000d7e8a400, 0x00000000d9550000)
 Metaspace       used 48368K, committed 48832K, reserved 1114112K
  class space    used 6437K, committed 6656K, reserved 1048576K
}
Event: 12.632 GC heap before
{Heap before GC invocations=13 (full 2):
 def new generation   total 29632K, used 28970K [0x00000000c0000000, 0x00000000c2020000, 0x00000000d5550000)
  eden space 26368K, 100% used [0x00000000c0000000, 0x00000000c19c0000, 0x00000000c19c0000)
  from space 3264K,  79% used [0x00000000c19c0000, 0x00000000c1c4a9a0, 0x00000000c1cf0000)
  to   space 3264K,   0% used [0x00000000c1cf0000, 0x00000000c1cf0000, 0x00000000c2020000)
 tenured generation   total 65536K, used 42216K [0x00000000d5550000, 0x00000000d9550000, 0x0000000100000000)
   the space 65536K,  64% used [0x00000000d5550000, 0x00000000d7e8a280, 0x00000000d7e8a400, 0x00000000d9550000)
 Metaspace       used 50858K, committed 51456K, reserved 1114112K
  class space    used 6686K, committed 6976K, reserved 1048576K
}
Event: 12.650 GC heap after
{Heap after GC invocations=14 (full 2):
 def new generation   total 29632K, used 1845K [0x00000000c0000000, 0x00000000c2020000, 0x00000000d5550000)
  eden space 26368K,   0% used [0x00000000c0000000, 0x00000000c0000000, 0x00000000c19c0000)
  from space 3264K,  56% used [0x00000000c1cf0000, 0x00000000c1ebd5f0, 0x00000000c2020000)
  to   space 3264K,   0% used [0x00000000c19c0000, 0x00000000c19c0000, 0x00000000c1cf0000)
 tenured generation   total 65536K, used 49581K [0x00000000d5550000, 0x00000000d9550000, 0x0000000100000000)
   the space 65536K,  75% used [0x00000000d5550000, 0x00000000d85bb618, 0x00000000d85bb800, 0x00000000d9550000)
 Metaspace       used 50858K, committed 51456K, reserved 1114112K
  class space    used 6686K, committed 6976K, reserved 1048576K
}
Event: 13.144 GC heap before
{Heap before GC invocations=14 (full 2):
 def new generation   total 29632K, used 28213K [0x00000000c0000000, 0x00000000c2020000, 0x00000000d5550000)
  eden space 26368K, 100% used [0x00000000c0000000, 0x00000000c19c0000, 0x00000000c19c0000)
  from space 3264K,  56% used [0x00000000c1cf0000, 0x00000000c1ebd5f0, 0x00000000c2020000)
  to   space 3264K,   0% used [0x00000000c19c0000, 0x00000000c19c0000, 0x00000000c1cf0000)
 tenured generation   total 65536K, used 49581K [0x00000000d5550000, 0x00000000d9550000, 0x0000000100000000)
   the space 65536K,  75% used [0x00000000d5550000, 0x00000000d85bb618, 0x00000000d85bb800, 0x00000000d9550000)
 Metaspace       used 52583K, committed 53184K, reserved 1114112K
  class space    used 7001K, committed 7296K, reserved 1048576K
}
Event: 13.153 GC heap after
{Heap after GC invocations=15 (full 2):
 def new generation   total 29632K, used 1298K [0x00000000c0000000, 0x00000000c2020000, 0x00000000d5550000)
  eden space 26368K,   0% used [0x00000000c0000000, 0x00000000c0000000, 0x00000000c19c0000)
  from space 3264K,  39% used [0x00000000c19c0000, 0x00000000c1b04840, 0x00000000c1cf0000)
  to   space 3264K,   0% used [0x00000000c1cf0000, 0x00000000c1cf0000, 0x00000000c2020000)
 tenured generation   total 65536K, used 51414K [0x00000000d5550000, 0x00000000d9550000, 0x0000000100000000)
   the space 65536K,  78% used [0x00000000d5550000, 0x00000000d87858d8, 0x00000000d8785a00, 0x00000000d9550000)
 Metaspace       used 52583K, committed 53184K, reserved 1114112K
  class space    used 7001K, committed 7296K, reserved 1048576K
}
Event: 13.744 GC heap before
{Heap before GC invocations=15 (full 2):
 def new generation   total 29632K, used 27666K [0x00000000c0000000, 0x00000000c2020000, 0x00000000d5550000)
  eden space 26368K, 100% used [0x00000000c0000000, 0x00000000c19c0000, 0x00000000c19c0000)
  from space 3264K,  39% used [0x00000000c19c0000, 0x00000000c1b04840, 0x00000000c1cf0000)
  to   space 3264K,   0% used [0x00000000c1cf0000, 0x00000000c1cf0000, 0x00000000c2020000)
 tenured generation   total 65536K, used 51414K [0x00000000d5550000, 0x00000000d9550000, 0x0000000100000000)
   the space 65536K,  78% used [0x00000000d5550000, 0x00000000d87858d8, 0x00000000d8785a00, 0x00000000d9550000)
 Metaspace       used 55247K, committed 55808K, reserved 1114112K
  class space    used 7459K, committed 7744K, reserved 1048576K
}
Event: 13.759 GC heap after
{Heap after GC invocations=16 (full 2):
 def new generation   total 29632K, used 2987K [0x00000000c0000000, 0x00000000c2020000, 0x00000000d5550000)
  eden space 26368K,   0% used [0x00000000c0000000, 0x00000000c0000000, 0x00000000c19c0000)
  from space 3264K,  91% used [0x00000000c1cf0000, 0x00000000c1fdafd8, 0x00000000c2020000)
  to   space 3264K,   0% used [0x00000000c19c0000, 0x00000000c19c0000, 0x00000000c1cf0000)
 tenured generation   total 65536K, used 51414K [0x00000000d5550000, 0x00000000d9550000, 0x0000000100000000)
   the space 65536K,  78% used [0x00000000d5550000, 0x00000000d87858d8, 0x00000000d8785a00, 0x00000000d9550000)
 Metaspace       used 55247K, committed 55808K, reserved 1114112K
  class space    used 7459K, committed 7744K, reserved 1048576K
}
Event: 14.736 GC heap before
{Heap before GC invocations=16 (full 2):
 def new generation   total 29632K, used 29355K [0x00000000c0000000, 0x00000000c2020000, 0x00000000d5550000)
  eden space 26368K, 100% used [0x00000000c0000000, 0x00000000c19c0000, 0x00000000c19c0000)
  from space 3264K,  91% used [0x00000000c1cf0000, 0x00000000c1fdafd8, 0x00000000c2020000)
  to   space 3264K,   0% used [0x00000000c19c0000, 0x00000000c19c0000, 0x00000000c1cf0000)
 tenured generation   total 65536K, used 51414K [0x00000000d5550000, 0x00000000d9550000, 0x0000000100000000)
   the space 65536K,  78% used [0x00000000d5550000, 0x00000000d87858d8, 0x00000000d8785a00, 0x00000000d9550000)
 Metaspace       used 57522K, committed 58112K, reserved 1114112K
  class space    used 7787K, committed 8064K, reserved 1048576K
}
Event: 14.755 GC heap after
{Heap after GC invocations=17 (full 2):
 def new generation   total 29632K, used 2665K [0x00000000c0000000, 0x00000000c2020000, 0x00000000d5550000)
  eden space 26368K,   0% used [0x00000000c0000000, 0x00000000c0000000, 0x00000000c19c0000)
  from space 3264K,  81% used [0x00000000c19c0000, 0x00000000c1c5a6a8, 0x00000000c1cf0000)
  to   space 3264K,   0% used [0x00000000c1cf0000, 0x00000000c1cf0000, 0x00000000c2020000)
 tenured generation   total 65536K, used 54283K [0x00000000d5550000, 0x00000000d9550000, 0x0000000100000000)
   the space 65536K,  82% used [0x00000000d5550000, 0x00000000d8a52ec8, 0x00000000d8a53000, 0x00000000d9550000)
 Metaspace       used 57522K, committed 58112K, reserved 1114112K
  class space    used 7787K, committed 8064K, reserved 1048576K
}
Event: 15.301 GC heap before
{Heap before GC invocations=17 (full 2):
 def new generation   total 29632K, used 29002K [0x00000000c0000000, 0x00000000c2020000, 0x00000000d5550000)
  eden space 26368K,  99% used [0x00000000c0000000, 0x00000000c19b8418, 0x00000000c19c0000)
  from space 3264K,  81% used [0x00000000c19c0000, 0x00000000c1c5a6a8, 0x00000000c1cf0000)
  to   space 3264K,   0% used [0x00000000c1cf0000, 0x00000000c1cf0000, 0x00000000c2020000)
 tenured generation   total 65536K, used 54283K [0x00000000d5550000, 0x00000000d9550000, 0x0000000100000000)
   the space 65536K,  82% used [0x00000000d5550000, 0x00000000d8a52ec8, 0x00000000d8a53000, 0x00000000d9550000)
 Metaspace       used 58065K, committed 58752K, reserved 1114112K
  class space    used 7837K, committed 8128K, reserved 1048576K
}
Event: 15.321 GC heap after
{Heap after GC invocations=18 (full 2):
 def new generation   total 29632K, used 3263K [0x00000000c0000000, 0x00000000c2020000, 0x00000000d5550000)
  eden space 26368K,   0% used [0x00000000c0000000, 0x00000000c0000000, 0x00000000c19c0000)
  from space 3264K,  99% used [0x00000000c1cf0000, 0x00000000c201fff8, 0x00000000c2020000)
  to   space 3264K,   0% used [0x00000000c19c0000, 0x00000000c19c0000, 0x00000000c1cf0000)
 tenured generation   total 65536K, used 61798K [0x00000000d5550000, 0x00000000d9550000, 0x0000000100000000)
   the space 65536K,  94% used [0x00000000d5550000, 0x00000000d91a9948, 0x00000000d91a9a00, 0x00000000d9550000)
 Metaspace       used 58065K, committed 58752K, reserved 1114112K
  class space    used 7837K, committed 8128K, reserved 1048576K
}
Event: 15.637 GC heap before
{Heap before GC invocations=18 (full 2):
 def new generation   total 29632K, used 29631K [0x00000000c0000000, 0x00000000c2020000, 0x00000000d5550000)
  eden space 26368K, 100% used [0x00000000c0000000, 0x00000000c19c0000, 0x00000000c19c0000)
  from space 3264K,  99% used [0x00000000c1cf0000, 0x00000000c201fff8, 0x00000000c2020000)
  to   space 3264K,   0% used [0x00000000c19c0000, 0x00000000c19c0000, 0x00000000c1cf0000)
 tenured generation   total 65536K, used 61798K [0x00000000d5550000, 0x00000000d9550000, 0x0000000100000000)
   the space 65536K,  94% used [0x00000000d5550000, 0x00000000d91a9948, 0x00000000d91a9a00, 0x00000000d9550000)
 Metaspace       used 59179K, committed 59776K, reserved 1114112K
  class space    used 7984K, committed 8256K, reserved 1048576K
}
Event: 15.647 GC heap after
{Heap after GC invocations=19 (full 2):
 def new generation   total 29632K, used 3264K [0x00000000c0000000, 0x00000000c2020000, 0x00000000d5550000)
  eden space 26368K,   0% used [0x00000000c0000000, 0x00000000c0000000, 0x00000000c19c0000)
  from space 3264K, 100% used [0x00000000c19c0000, 0x00000000c1cf0000, 0x00000000c1cf0000)
  to   space 3264K,   0% used [0x00000000c1cf0000, 0x00000000c1cf0000, 0x00000000c2020000)
 tenured generation   total 71376K, used 71196K [0x00000000d5550000, 0x00000000d9b04000, 0x0000000100000000)
   the space 71376K,  99% used [0x00000000d5550000, 0x00000000d9ad71b0, 0x00000000d9ad7200, 0x00000000d9b04000)
 Metaspace       used 59179K, committed 59776K, reserved 1114112K
  class space    used 7984K, committed 8256K, reserved 1048576K
}
Event: 15.647 GC heap before
{Heap before GC invocations=19 (full 2):
 def new generation   total 29632K, used 3264K [0x00000000c0000000, 0x00000000c2020000, 0x00000000d5550000)
  eden space 26368K,   0% used [0x00000000c0000000, 0x00000000c0000000, 0x00000000c19c0000)
  from space 3264K, 100% used [0x00000000c19c0000, 0x00000000c1cf0000, 0x00000000c1cf0000)
  to   space 3264K,   0% used [0x00000000c1cf0000, 0x00000000c1cf0000, 0x00000000c2020000)
 tenured generation   total 71376K, used 71196K [0x00000000d5550000, 0x00000000d9b04000, 0x0000000100000000)
   the space 71376K,  99% used [0x00000000d5550000, 0x00000000d9ad71b0, 0x00000000d9ad7200, 0x00000000d9b04000)
 Metaspace       used 59179K, committed 59776K, reserved 1114112K
  class space    used 7984K, committed 8256K, reserved 1048576K
}
Event: 15.736 GC heap after
{Heap after GC invocations=19 (full 3):
 def new generation   total 53696K, used 3083K [0x00000000c0000000, 0x00000000c3a40000, 0x00000000d5550000)
  eden space 47744K,   6% used [0x00000000c0000000, 0x00000000c0302fa8, 0x00000000c2ea0000)
  from space 5952K,   0% used [0x00000000c2ea0000, 0x00000000c2ea0000, 0x00000000c3470000)
  to   space 5952K,   0% used [0x00000000c3470000, 0x00000000c3470000, 0x00000000c3a40000)
 tenured generation   total 118960K, used 71375K [0x00000000d5550000, 0x00000000dc97c000, 0x0000000100000000)
   the space 118960K,  59% used [0x00000000d5550000, 0x00000000d9b03cf0, 0x00000000d9b03e00, 0x00000000dc97c000)
 Metaspace       used 59179K, committed 59776K, reserved 1114112K
  class space    used 7984K, committed 8256K, reserved 1048576K
}
Event: 16.378 GC heap before
{Heap before GC invocations=19 (full 3):
 def new generation   total 53696K, used 47744K [0x00000000c0000000, 0x00000000c3a40000, 0x00000000d5550000)
  eden space 47744K, 100% used [0x00000000c0000000, 0x00000000c2ea0000, 0x00000000c2ea0000)
  from space 5952K,   0% used [0x00000000c2ea0000, 0x00000000c2ea0000, 0x00000000c3470000)
  to   space 5952K,   0% used [0x00000000c3470000, 0x00000000c3470000, 0x00000000c3a40000)
 tenured generation   total 118960K, used 71375K [0x00000000d5550000, 0x00000000dc97c000, 0x0000000100000000)
   the space 118960K,  59% used [0x00000000d5550000, 0x00000000d9b03cf0, 0x00000000d9b03e00, 0x00000000dc97c000)
 Metaspace       used 63731K, committed 64384K, reserved 1114112K
  class space    used 8559K, committed 8896K, reserved 1048576K
}
Event: 16.406 GC heap after
{Heap after GC invocations=20 (full 3):
 def new generation   total 53696K, used 4150K [0x00000000c0000000, 0x00000000c3a40000, 0x00000000d5550000)
  eden space 47744K,   0% used [0x00000000c0000000, 0x00000000c0000000, 0x00000000c2ea0000)
  from space 5952K,  69% used [0x00000000c3470000, 0x00000000c387da10, 0x00000000c3a40000)
  to   space 5952K,   0% used [0x00000000c2ea0000, 0x00000000c2ea0000, 0x00000000c3470000)
 tenured generation   total 118960K, used 71375K [0x00000000d5550000, 0x00000000dc97c000, 0x0000000100000000)
   the space 118960K,  59% used [0x00000000d5550000, 0x00000000d9b03cf0, 0x00000000d9b03e00, 0x00000000dc97c000)
 Metaspace       used 63731K, committed 64384K, reserved 1114112K
  class space    used 8559K, committed 8896K, reserved 1048576K
}

