# JRE version: OpenJDK Runtime Environment (17.0.11) (build 17.0.11+0--11852314)
# Java VM: OpenJDK 64-Bit Server VM (17.0.11+0--11852314, mixed mode, tiered, compressed oops, compressed class ptrs, g1 gc, windows-amd64)
GC Precious Log:
 CPUs: 4 total, 4 available
 Memory: 6082M
 Large Page Support: Disabled
 NUMA Support: Disabled
 Compressed Oops: Enabled (32-bit)
 Heap Region Size: 1M
 Heap Min Capacity: 8M
 Heap Initial Capacity: 96M
 Heap Max Capacity: 1522M
 Pre-touch: Disabled
 Parallel Workers: 4
 Concurrent Workers: 1
 Concurrent Refinement Workers: 4
 Periodic GC: Disabled
Heap:
 garbage-first heap   total 96256K, used 53711K [0x00000000a0e00000, 0x0000000100000000)
  region size 1024K, 4 young (4096K), 4 survivors (4096K)
 Metaspace       used 58244K, committed 58432K, reserved 1114112K
  class space    used 6952K, committed 7040K, reserved 1048576K
GC Heap History (20 events):
Event: 3.932 GC heap after
{Heap after GC invocations=7 (full 0):
 garbage-first heap   total 48128K, used 15538K [0x00000000a0e00000, 0x0000000100000000)
  region size 1024K, 2 young (2048K), 2 survivors (2048K)
 Metaspace       used 31670K, committed 31872K, reserved 1114112K
  class space    used 3953K, committed 4032K, reserved 1048576K
}
Event: 4.293 GC heap before
{Heap before GC invocations=7 (full 0):
 garbage-first heap   total 48128K, used 29874K [0x00000000a0e00000, 0x0000000100000000)
  region size 1024K, 18 young (18432K), 2 survivors (2048K)
 Metaspace       used 35735K, committed 35968K, reserved 1114112K
  class space    used 4361K, committed 4480K, reserved 1048576K
}
Event: 4.300 GC heap after
{Heap after GC invocations=8 (full 0):
 garbage-first heap   total 48128K, used 16268K [0x00000000a0e00000, 0x0000000100000000)
  region size 1024K, 1 young (1024K), 1 survivors (1024K)
 Metaspace       used 35735K, committed 35968K, reserved 1114112K
  class space    used 4361K, committed 4480K, reserved 1048576K
}
Event: 5.086 GC heap before
{Heap before GC invocations=9 (full 0):
 garbage-first heap   total 48128K, used 34700K [0x00000000a0e00000, 0x0000000100000000)
  region size 1024K, 19 young (19456K), 1 survivors (1024K)
 Metaspace       used 40139K, committed 40320K, reserved 1114112K
  class space    used 4834K, committed 4928K, reserved 1048576K
}
Event: 5.093 GC heap after
{Heap after GC invocations=10 (full 0):
 garbage-first heap   total 48128K, used 17412K [0x00000000a0e00000, 0x0000000100000000)
  region size 1024K, 2 young (2048K), 2 survivors (2048K)
 Metaspace       used 40139K, committed 40320K, reserved 1114112K
  class space    used 4834K, committed 4928K, reserved 1048576K
}
Event: 5.149 GC heap before
{Heap before GC invocations=10 (full 0):
 garbage-first heap   total 48128K, used 18436K [0x00000000a0e00000, 0x0000000100000000)
  region size 1024K, 3 young (3072K), 2 survivors (2048K)
 Metaspace       used 40397K, committed 40640K, reserved 1114112K
  class space    used 4866K, committed 4992K, reserved 1048576K
}
Event: 5.159 GC heap after
{Heap after GC invocations=11 (full 0):
 garbage-first heap   total 48128K, used 17587K [0x00000000a0e00000, 0x0000000100000000)
  region size 1024K, 1 young (1024K), 1 survivors (1024K)
 Metaspace       used 40397K, committed 40640K, reserved 1114112K
  class space    used 4866K, committed 4992K, reserved 1048576K
}
Event: 6.023 GC heap before
{Heap before GC invocations=11 (full 0):
 garbage-first heap   total 48128K, used 36019K [0x00000000a0e00000, 0x0000000100000000)
  region size 1024K, 19 young (19456K), 1 survivors (1024K)
 Metaspace       used 43610K, committed 43840K, reserved 1114112K
  class space    used 5203K, committed 5312K, reserved 1048576K
}
Event: 6.033 GC heap after
{Heap after GC invocations=12 (full 0):
 garbage-first heap   total 48128K, used 20111K [0x00000000a0e00000, 0x0000000100000000)
  region size 1024K, 3 young (3072K), 3 survivors (3072K)
 Metaspace       used 43610K, committed 43840K, reserved 1114112K
  class space    used 5203K, committed 5312K, reserved 1048576K
}
Event: 6.433 GC heap before
{Heap before GC invocations=13 (full 0):
 garbage-first heap   total 48128K, used 35471K [0x00000000a0e00000, 0x0000000100000000)
  region size 1024K, 18 young (18432K), 3 survivors (3072K)
 Metaspace       used 44237K, committed 44480K, reserved 1114112K
  class space    used 5259K, committed 5376K, reserved 1048576K
}
Event: 6.451 GC heap after
{Heap after GC invocations=14 (full 0):
 garbage-first heap   total 48128K, used 24793K [0x00000000a0e00000, 0x0000000100000000)
  region size 1024K, 3 young (3072K), 3 survivors (3072K)
 Metaspace       used 44237K, committed 44480K, reserved 1114112K
  class space    used 5259K, committed 5376K, reserved 1048576K
}
Event: 6.622 GC heap before
{Heap before GC invocations=14 (full 0):
 garbage-first heap   total 48128K, used 31961K [0x00000000a0e00000, 0x0000000100000000)
  region size 1024K, 11 young (11264K), 3 survivors (3072K)
 Metaspace       used 44548K, committed 44736K, reserved 1114112K
  class space    used 5276K, committed 5376K, reserved 1048576K
}
Event: 6.635 GC heap after
{Heap after GC invocations=15 (full 0):
 garbage-first heap   total 96256K, used 27121K [0x00000000a0e00000, 0x0000000100000000)
  region size 1024K, 2 young (2048K), 2 survivors (2048K)
 Metaspace       used 44548K, committed 44736K, reserved 1114112K
  class space    used 5276K, committed 5376K, reserved 1048576K
}
Event: 7.451 GC heap before
{Heap before GC invocations=15 (full 0):
 garbage-first heap   total 96256K, used 66033K [0x00000000a0e00000, 0x0000000100000000)
  region size 1024K, 39 young (39936K), 2 survivors (2048K)
 Metaspace       used 47953K, committed 48192K, reserved 1114112K
  class space    used 5705K, committed 5824K, reserved 1048576K
}
Event: 7.478 GC heap after
{Heap after GC invocations=16 (full 0):
 garbage-first heap   total 96256K, used 38830K [0x00000000a0e00000, 0x0000000100000000)
  region size 1024K, 5 young (5120K), 5 survivors (5120K)
 Metaspace       used 47953K, committed 48192K, reserved 1114112K
  class space    used 5705K, committed 5824K, reserved 1048576K
}
Event: 9.637 GC heap before
{Heap before GC invocations=16 (full 0):
 garbage-first heap   total 96256K, used 66478K [0x00000000a0e00000, 0x0000000100000000)
  region size 1024K, 32 young (32768K), 5 survivors (5120K)
 Metaspace       used 52955K, committed 53248K, reserved 1114112K
  class space    used 6337K, committed 6464K, reserved 1048576K
}
Event: 9.660 GC heap after
{Heap after GC invocations=17 (full 0):
 garbage-first heap   total 96256K, used 44032K [0x00000000a0e00000, 0x0000000100000000)
  region size 1024K, 4 young (4096K), 4 survivors (4096K)
 Metaspace       used 52955K, committed 53248K, reserved 1114112K
  class space    used 6337K, committed 6464K, reserved 1048576K
}
Event: 11.051 GC heap before
{Heap before GC invocations=17 (full 0):
 garbage-first heap   total 96256K, used 70656K [0x00000000a0e00000, 0x0000000100000000)
  region size 1024K, 30 young (30720K), 4 survivors (4096K)
 Metaspace       used 55899K, committed 56256K, reserved 1114112K
  class space    used 6700K, committed 6848K, reserved 1048576K
}
Event: 11.079 GC heap after
{Heap after GC invocations=18 (full 0):
 garbage-first heap   total 96256K, used 48640K [0x00000000a0e00000, 0x0000000100000000)
  region size 1024K, 4 young (4096K), 4 survivors (4096K)
 Metaspace       used 55899K, committed 56256K, reserved 1114112K
  class space    used 6700K, committed 6848K, reserved 1048576K
}
Event: 13.474 GC heap before
{Heap before GC invocations=18 (full 0):
 garbage-first heap   total 96256K, used 71168K [0x00000000a0e00000, 0x0000000100000000)
  region size 1024K, 27 young (27648K), 4 survivors (4096K)
 Metaspace       used 58244K, committed 58432K, reserved 1114112K
  class space    used 6952K, committed 7040K, reserved 1048576K
}

