# JRE version: OpenJDK Runtime Environment (17.0.11) (build 17.0.11+0--11852314)
# Java VM: OpenJDK 64-Bit Server VM (17.0.11+0--11852314, mixed mode, tiered, compressed oops, compressed class ptrs, g1 gc, windows-amd64)
GC Precious Log:
 CPUs: 4 total, 4 available
 Memory: 6082M
 Large Page Support: Disabled
 NUMA Support: Disabled
 Compressed Oops: Enabled (32-bit)
 Heap Region Size: 1M
 Heap Min Capacity: 8M
 Heap Initial Capacity: 96M
 Heap Max Capacity: 1522M
 Pre-touch: Disabled
 Parallel Workers: 4
 Concurrent Workers: 1
 Concurrent Refinement Workers: 4
 Periodic GC: Disabled
Heap:
 garbage-first heap   total 66560K, used 47810K [0x00000000a0e00000, 0x0000000100000000)
  region size 1024K, 9 young (9216K), 2 survivors (2048K)
 Metaspace       used 50570K, committed 50816K, reserved 1114112K
  class space    used 6081K, committed 6208K, reserved 1048576K
GC Heap History (20 events):
Event: 2.510 GC heap before
{Heap before GC invocations=2 (full 0):
 garbage-first heap   total 98304K, used 32995K [0x00000000a0e00000, 0x0000000100000000)
  region size 1024K, 28 young (28672K), 1 survivors (1024K)
 Metaspace       used 21309K, committed 21504K, reserved 1114112K
  class space    used 2278K, committed 2368K, reserved 1048576K
}
Event: 2.532 GC heap after
{Heap after GC invocations=3 (full 0):
 garbage-first heap   total 98304K, used 12983K [0x00000000a0e00000, 0x0000000100000000)
  region size 1024K, 8 young (8192K), 8 survivors (8192K)
 Metaspace       used 21309K, committed 21504K, reserved 1114112K
  class space    used 2278K, committed 2368K, reserved 1048576K
}
Event: 3.459 GC heap before
{Heap before GC invocations=4 (full 0):
 garbage-first heap   total 51200K, used 35511K [0x00000000a0e00000, 0x0000000100000000)
  region size 1024K, 30 young (30720K), 8 survivors (8192K)
 Metaspace       used 28169K, committed 28288K, reserved 1114112K
  class space    used 3594K, committed 3648K, reserved 1048576K
}
Event: 3.481 GC heap after
{Heap after GC invocations=5 (full 0):
 garbage-first heap   total 51200K, used 14894K [0x00000000a0e00000, 0x0000000100000000)
  region size 1024K, 2 young (2048K), 2 survivors (2048K)
 Metaspace       used 28169K, committed 28288K, reserved 1114112K
  class space    used 3594K, committed 3648K, reserved 1048576K
}
Event: 3.547 GC heap before
{Heap before GC invocations=5 (full 0):
 garbage-first heap   total 51200K, used 14894K [0x00000000a0e00000, 0x0000000100000000)
  region size 1024K, 3 young (3072K), 2 survivors (2048K)
 Metaspace       used 28295K, committed 28480K, reserved 1114112K
  class space    used 3603K, committed 3712K, reserved 1048576K
}
Event: 3.553 GC heap after
{Heap after GC invocations=6 (full 0):
 garbage-first heap   total 51200K, used 15523K [0x00000000a0e00000, 0x0000000100000000)
  region size 1024K, 1 young (1024K), 1 survivors (1024K)
 Metaspace       used 28295K, committed 28480K, reserved 1114112K
  class space    used 3603K, committed 3712K, reserved 1048576K
}
Event: 4.029 GC heap before
{Heap before GC invocations=6 (full 0):
 garbage-first heap   total 51200K, used 34979K [0x00000000a0e00000, 0x0000000100000000)
  region size 1024K, 20 young (20480K), 1 survivors (1024K)
 Metaspace       used 32293K, committed 32448K, reserved 1114112K
  class space    used 4019K, committed 4096K, reserved 1048576K
}
Event: 4.036 GC heap after
{Heap after GC invocations=7 (full 0):
 garbage-first heap   total 51200K, used 16542K [0x00000000a0e00000, 0x0000000100000000)
  region size 1024K, 2 young (2048K), 2 survivors (2048K)
 Metaspace       used 32293K, committed 32448K, reserved 1114112K
  class space    used 4019K, committed 4096K, reserved 1048576K
}
Event: 4.437 GC heap before
{Heap before GC invocations=7 (full 0):
 garbage-first heap   total 51200K, used 28830K [0x00000000a0e00000, 0x0000000100000000)
  region size 1024K, 15 young (15360K), 2 survivors (2048K)
 Metaspace       used 35867K, committed 35968K, reserved 1114112K
  class space    used 4374K, committed 4416K, reserved 1048576K
}
Event: 4.444 GC heap after
{Heap after GC invocations=8 (full 0):
 garbage-first heap   total 68608K, used 17153K [0x00000000a0e00000, 0x0000000100000000)
  region size 1024K, 2 young (2048K), 2 survivors (2048K)
 Metaspace       used 35867K, committed 35968K, reserved 1114112K
  class space    used 4374K, committed 4416K, reserved 1048576K
}
Event: 6.112 GC heap before
{Heap before GC invocations=9 (full 0):
 garbage-first heap   total 65536K, used 51969K [0x00000000a0e00000, 0x0000000100000000)
  region size 1024K, 36 young (36864K), 2 survivors (2048K)
 Metaspace       used 43445K, committed 43648K, reserved 1114112K
  class space    used 5185K, committed 5312K, reserved 1048576K
}
Event: 6.127 GC heap after
{Heap after GC invocations=10 (full 0):
 garbage-first heap   total 65536K, used 20490K [0x00000000a0e00000, 0x0000000100000000)
  region size 1024K, 5 young (5120K), 5 survivors (5120K)
 Metaspace       used 43445K, committed 43648K, reserved 1114112K
  class space    used 5185K, committed 5312K, reserved 1048576K
}
Event: 7.505 GC heap before
{Heap before GC invocations=11 (full 0):
 garbage-first heap   total 65536K, used 49162K [0x00000000a0e00000, 0x0000000100000000)
  region size 1024K, 32 young (32768K), 5 survivors (5120K)
 Metaspace       used 44597K, committed 44800K, reserved 1114112K
  class space    used 5277K, committed 5376K, reserved 1048576K
}
Event: 7.543 GC heap after
{Heap after GC invocations=12 (full 0):
 garbage-first heap   total 65536K, used 29171K [0x00000000a0e00000, 0x0000000100000000)
  region size 1024K, 4 young (4096K), 4 survivors (4096K)
 Metaspace       used 44597K, committed 44800K, reserved 1114112K
  class space    used 5277K, committed 5376K, reserved 1048576K
}
Event: 7.729 GC heap before
{Heap before GC invocations=12 (full 0):
 garbage-first heap   total 65536K, used 47603K [0x00000000a0e00000, 0x0000000100000000)
  region size 1024K, 22 young (22528K), 4 survivors (4096K)
 Metaspace       used 44933K, committed 45184K, reserved 1114112K
  class space    used 5311K, committed 5440K, reserved 1048576K
}
Event: 7.757 GC heap after
{Heap after GC invocations=13 (full 0):
 garbage-first heap   total 65536K, used 36248K [0x00000000a0e00000, 0x0000000100000000)
  region size 1024K, 3 young (3072K), 3 survivors (3072K)
 Metaspace       used 44933K, committed 45184K, reserved 1114112K
  class space    used 5311K, committed 5440K, reserved 1048576K
}
Event: 8.176 GC heap before
{Heap before GC invocations=13 (full 0):
 garbage-first heap   total 65536K, used 47512K [0x00000000a0e00000, 0x0000000100000000)
  region size 1024K, 15 young (15360K), 3 survivors (3072K)
 Metaspace       used 47935K, committed 48192K, reserved 1114112K
  class space    used 5707K, committed 5824K, reserved 1048576K
}
Event: 8.189 GC heap after
{Heap after GC invocations=14 (full 0):
 garbage-first heap   total 65536K, used 38783K [0x00000000a0e00000, 0x0000000100000000)
  region size 1024K, 2 young (2048K), 2 survivors (2048K)
 Metaspace       used 47935K, committed 48192K, reserved 1114112K
  class space    used 5707K, committed 5824K, reserved 1048576K
}
Event: 8.623 GC heap before
{Heap before GC invocations=15 (full 0):
 garbage-first heap   total 66560K, used 49023K [0x00000000a0e00000, 0x0000000100000000)
  region size 1024K, 13 young (13312K), 2 survivors (2048K)
 Metaspace       used 48962K, committed 49216K, reserved 1114112K
  class space    used 5828K, committed 5952K, reserved 1048576K
}
Event: 8.634 GC heap after
{Heap after GC invocations=16 (full 0):
 garbage-first heap   total 66560K, used 41666K [0x00000000a0e00000, 0x0000000100000000)
  region size 1024K, 2 young (2048K), 2 survivors (2048K)
 Metaspace       used 48962K, committed 49216K, reserved 1114112K
  class space    used 5828K, committed 5952K, reserved 1048576K
}

