# JRE version: OpenJDK Runtime Environment (17.0.11) (build 17.0.11+0--11852314)
# Java VM: OpenJDK 64-Bit Server VM (17.0.11+0--11852314, mixed mode, tiered, compressed oops, compressed class ptrs, g1 gc, windows-amd64)
GC Precious Log:
 CPUs: 4 total, 4 available
 Memory: 6082M
 Large Page Support: Disabled
 NUMA Support: Disabled
 Compressed Oops: Enabled (32-bit)
 Heap Region Size: 1M
 Heap Min Capacity: 8M
 Heap Initial Capacity: 96M
 Heap Max Capacity: 1522M
 Pre-touch: Disabled
 Parallel Workers: 4
 Concurrent Workers: 1
 Concurrent Refinement Workers: 4
 Periodic GC: Disabled
Heap:
 garbage-first heap   total 123904K, used 73539K [0x00000000a0e00000, 0x0000000100000000)
  region size 1024K, 1 young (1024K), 1 survivors (1024K)
 Metaspace       used 62908K, committed 63168K, reserved 1114112K
  class space    used 7329K, committed 7424K, reserved 1048576K
GC Heap History (20 events):
Event: 7.608 GC heap after
{Heap after GC invocations=14 (full 0):
 garbage-first heap   total 61440K, used 36726K [0x00000000a0e00000, 0x0000000100000000)
  region size 1024K, 2 young (2048K), 2 survivors (2048K)
 Metaspace       used 46069K, committed 46272K, reserved 1114112K
  class space    used 5468K, committed 5568K, reserved 1048576K
}
Event: 7.966 GC heap before
{Heap before GC invocations=15 (full 0):
 garbage-first heap   total 68608K, used 44918K [0x00000000a0e00000, 0x0000000100000000)
  region size 1024K, 11 young (11264K), 2 survivors (2048K)
 Metaspace       used 47828K, committed 48064K, reserved 1114112K
  class space    used 5704K, committed 5824K, reserved 1048576K
}
Event: 7.978 GC heap after
{Heap after GC invocations=16 (full 0):
 garbage-first heap   total 68608K, used 38801K [0x00000000a0e00000, 0x0000000100000000)
  region size 1024K, 2 young (2048K), 2 survivors (2048K)
 Metaspace       used 47828K, committed 48064K, reserved 1114112K
  class space    used 5704K, committed 5824K, reserved 1048576K
}
Event: 8.229 GC heap before
{Heap before GC invocations=16 (full 0):
 garbage-first heap   total 68608K, used 50065K [0x00000000a0e00000, 0x0000000100000000)
  region size 1024K, 14 young (14336K), 2 survivors (2048K)
 Metaspace       used 49235K, committed 49472K, reserved 1114112K
  class space    used 5873K, committed 6016K, reserved 1048576K
}
Event: 8.242 GC heap after
{Heap after GC invocations=17 (full 0):
 garbage-first heap   total 68608K, used 41894K [0x00000000a0e00000, 0x0000000100000000)
  region size 1024K, 2 young (2048K), 2 survivors (2048K)
 Metaspace       used 49235K, committed 49472K, reserved 1114112K
  class space    used 5873K, committed 6016K, reserved 1048576K
}
Event: 8.797 GC heap before
{Heap before GC invocations=18 (full 0):
 garbage-first heap   total 76800K, used 52134K [0x00000000a0e00000, 0x0000000100000000)
  region size 1024K, 12 young (12288K), 2 survivors (2048K)
 Metaspace       used 50883K, committed 51200K, reserved 1114112K
  class space    used 6127K, committed 6272K, reserved 1048576K
}
Event: 8.809 GC heap after
{Heap after GC invocations=19 (full 0):
 garbage-first heap   total 76800K, used 43925K [0x00000000a0e00000, 0x0000000100000000)
  region size 1024K, 2 young (2048K), 2 survivors (2048K)
 Metaspace       used 50883K, committed 51200K, reserved 1114112K
  class space    used 6127K, committed 6272K, reserved 1048576K
}
Event: 9.394 GC heap before
{Heap before GC invocations=19 (full 0):
 garbage-first heap   total 76800K, used 57237K [0x00000000a0e00000, 0x0000000100000000)
  region size 1024K, 16 young (16384K), 2 survivors (2048K)
 Metaspace       used 53837K, committed 54080K, reserved 1114112K
  class space    used 6466K, committed 6592K, reserved 1048576K
}
Event: 9.409 GC heap after
{Heap after GC invocations=20 (full 0):
 garbage-first heap   total 123904K, used 45743K [0x00000000a0e00000, 0x0000000100000000)
  region size 1024K, 2 young (2048K), 2 survivors (2048K)
 Metaspace       used 53837K, committed 54080K, reserved 1114112K
  class space    used 6466K, committed 6592K, reserved 1048576K
}
Event: 11.596 GC heap before
{Heap before GC invocations=21 (full 0):
 garbage-first heap   total 123904K, used 88751K [0x00000000a0e00000, 0x0000000100000000)
  region size 1024K, 44 young (45056K), 2 survivors (2048K)
 Metaspace       used 57848K, committed 58112K, reserved 1114112K
  class space    used 6944K, committed 7040K, reserved 1048576K
}
Event: 11.631 GC heap after
{Heap after GC invocations=22 (full 0):
 garbage-first heap   total 123904K, used 53523K [0x00000000a0e00000, 0x0000000100000000)
  region size 1024K, 6 young (6144K), 6 survivors (6144K)
 Metaspace       used 57848K, committed 58112K, reserved 1114112K
  class space    used 6944K, committed 7040K, reserved 1048576K
}
Event: 11.655 GC heap before
{Heap before GC invocations=22 (full 0):
 garbage-first heap   total 123904K, used 54547K [0x00000000a0e00000, 0x0000000100000000)
  region size 1024K, 7 young (7168K), 6 survivors (6144K)
 Metaspace       used 57855K, committed 58112K, reserved 1114112K
  class space    used 6944K, committed 7040K, reserved 1048576K
}
Event: 11.678 GC heap after
{Heap after GC invocations=23 (full 0):
 garbage-first heap   total 123904K, used 54824K [0x00000000a0e00000, 0x0000000100000000)
  region size 1024K, 1 young (1024K), 1 survivors (1024K)
 Metaspace       used 57855K, committed 58112K, reserved 1114112K
  class space    used 6944K, committed 7040K, reserved 1048576K
}
Event: 13.000 GC heap before
{Heap before GC invocations=23 (full 0):
 garbage-first heap   total 123904K, used 88616K [0x00000000a0e00000, 0x0000000100000000)
  region size 1024K, 34 young (34816K), 1 survivors (1024K)
 Metaspace       used 59055K, committed 59328K, reserved 1114112K
  class space    used 6983K, committed 7104K, reserved 1048576K
}
Event: 13.030 GC heap after
{Heap after GC invocations=24 (full 0):
 garbage-first heap   total 123904K, used 62464K [0x00000000a0e00000, 0x0000000100000000)
  region size 1024K, 5 young (5120K), 5 survivors (5120K)
 Metaspace       used 59055K, committed 59328K, reserved 1114112K
  class space    used 6983K, committed 7104K, reserved 1048576K
}
Event: 14.573 GC heap before
{Heap before GC invocations=24 (full 0):
 garbage-first heap   total 123904K, used 93184K [0x00000000a0e00000, 0x0000000100000000)
  region size 1024K, 35 young (35840K), 5 survivors (5120K)
 Metaspace       used 62494K, committed 62784K, reserved 1114112K
  class space    used 7292K, committed 7424K, reserved 1048576K
}
Event: 14.607 GC heap after
{Heap after GC invocations=25 (full 0):
 garbage-first heap   total 123904K, used 67407K [0x00000000a0e00000, 0x0000000100000000)
  region size 1024K, 5 young (5120K), 5 survivors (5120K)
 Metaspace       used 62494K, committed 62784K, reserved 1114112K
  class space    used 7292K, committed 7424K, reserved 1048576K
}
Event: 15.500 GC heap before
{Heap before GC invocations=26 (full 0):
 garbage-first heap   total 123904K, used 94031K [0x00000000a0e00000, 0x0000000100000000)
  region size 1024K, 32 young (32768K), 5 survivors (5120K)
 Metaspace       used 62906K, committed 63168K, reserved 1114112K
  class space    used 7329K, committed 7424K, reserved 1048576K
}
Event: 15.540 GC heap after
{Heap after GC invocations=27 (full 0):
 garbage-first heap   total 123904K, used 72613K [0x00000000a0e00000, 0x0000000100000000)
  region size 1024K, 4 young (4096K), 4 survivors (4096K)
 Metaspace       used 62906K, committed 63168K, reserved 1114112K
  class space    used 7329K, committed 7424K, reserved 1048576K
}
Event: 15.575 GC heap before
{Heap before GC invocations=27 (full 0):
 garbage-first heap   total 123904K, used 74661K [0x00000000a0e00000, 0x0000000100000000)
  region size 1024K, 6 young (6144K), 4 survivors (4096K)
 Metaspace       used 62908K, committed 63168K, reserved 1114112K
  class space    used 7329K, committed 7424K, reserved 1048576K
}

